<?xml version="1.0" encoding="UTF-8"?>
<testng-results ignored="0" total="1" passed="1" failed="0" skipped="0">
  <reporter-output>
    <line>
      <![CDATA[Stock-000001067-----------Stock-000001067]]>
    </line>
  </reporter-output>
  <suite started-at="2024-03-30T10:43:16 IST" name="Default suite" finished-at="2024-03-30T10:44:13 IST" duration-ms="56911">
    <groups>
    </groups>
    <test started-at="2024-03-30T10:43:16 IST" name="Default test" finished-at="2024-03-30T10:44:13 IST" duration-ms="56911">
      <class name="driverFactory.DriverScript">
        <test-method signature="startTest()[pri:0, instance:driverFactory.DriverScript@6adbc9d]" started-at="2024-03-30T10:43:16 IST" name="startTest" finished-at="2024-03-30T10:44:13 IST" duration-ms="56623" status="PASS">
          <reporter-output>
            <line>
              <![CDATA[Stock-000001067-----------Stock-000001067]]>
            </line>
          </reporter-output>
        </test-method> <!-- startTest -->
      </class> <!-- driverFactory.DriverScript -->
    </test> <!-- Default test -->
  </suite> <!-- Default suite -->
</testng-results>
